Build started 1/22/2011 11:18:45 PM.
Project "E:\Hamro Project\rocket updated\rocket graph\darts\darts.vcxproj" on node 2 (build target(s)).
InitializeBuildStatus:
  Creating "Debug\darts.unsuccessfulbuild" because "AlwaysCreate" was specified.
ClCompile:
  All outputs are up-to-date.
  All outputs are up-to-date.
ResourceCompile:
  All outputs are up-to-date.
ManifestResourceCompile:
  All outputs are up-to-date.
Link:
  All outputs are up-to-date.
Manifest:
  All outputs are up-to-date.
FinalizeBuildStatus:
  Deleting file "Debug\darts.unsuccessfulbuild".
  Touching "Debug\darts.lastbuildstate".
Done Building Project "E:\Hamro Project\rocket updated\rocket graph\darts\darts.vcxproj" (build target(s)).

Build succeeded.

Time Elapsed 00:00:00.82
